AirTable records retrieved: 154
page 1 for Underwood, QLD 4119: 20 results (https://www.realestate.com.au/rent/property-house-in-Underwood%2c+QLD 4119/list-1?includeSurrounding=false)
8 Louise Street Underwood
new 0, updated 1, skipped 19
16 Brockmia Close Underwood
new 0, updated 1, skipped 19
28 Joanne Street Underwood
new 0, updated 1, skipped 19
45 Brookvale Drive Underwood
new 0, updated 1, skipped 19
7 RIO COURT Underwood
new 0, updated 1, skipped 19
17 Zuleikha Drive Underwood
new 0, updated 1, skipped 19
39 Brookvale Drive Underwood
new 0, updated 1, skipped 19
14 Caloma Street Underwood
new 0, updated 1, skipped 19
6 Nerissa Court Underwood
new 0, updated 1, skipped 19
8 Glencoe Court Underwood
new 0, updated 1, skipped 19
11 Mowie Close Underwood
new 0, updated 1, skipped 19
8 Glenview Court Underwood
new 0, updated 1, skipped 19
2 Eleanor Avenue Underwood
new 0, updated 1, skipped 19
59 Louise Street Underwood
new 0, updated 1, skipped 19
22 Oakvale Street Underwood
new 0, updated 1, skipped 19
1 Kakadu Crescent Underwood
new 0, updated 1, skipped 19
8 Dindi Street Underwood
new 0, updated 1, skipped 19
22 Oakvale St Underwood
new 0, updated 1, skipped 19
Underwood, address available on request Underwood
new 0, updated 1, skipped 19
page 1 for Darra, QLD 4076: 8 results (https://www.realestate.com.au/rent/property-house-in-Darra%2c+QLD 4076/list-1?includeSurrounding=false)
Darra, address available on request Darra
new 0, updated 1, skipped 27
12 Southern Cross Avenue Darra
new 0, updated 1, skipped 27
30/35 Ashridge Road Darra
new 0, updated 1, skipped 27
64 Warrender Street Darra
new 0, updated 1, skipped 27
1/89 Stratheden Street Darra
new 0, updated 1, skipped 27
58 Darra Station Road Darra
new 0, updated 1, skipped 27
6 Popondetta Close Darra
new 0, updated 1, skipped 27
12/91 ASHRIDGE ROAD Darra
new 0, updated 1, skipped 27
page 1 for Geebung, QLD 4034: 15 results (https://www.realestate.com.au/rent/property-house-in-Geebung%2c+QLD 4034/list-1?includeSurrounding=false)
70 Sunbury Street Geebung
new 0, updated 3, skipped 40
85 Sunbury Street Geebung
new 0, updated 3, skipped 40
70 Copperfield Street Geebung
new 0, updated 3, skipped 40
36 Weenga Street Geebung
new 0, updated 3, skipped 40
9 Kenward Street Geebung
new 0, updated 3, skipped 40
215 Newman Road Geebung
new 0, updated 3, skipped 40
3 Abery Lane Geebung
new 0, updated 3, skipped 40
12/187 Murphy Road Geebung
new 0, updated 3, skipped 40
29/187 Murphy Road Geebung
new 0, updated 3, skipped 40
26 Weenga Street Geebung
new 0, updated 3, skipped 40
3 Jeenly Street Geebung
new 0, updated 3, skipped 40
15 Ellison Rd Geebung
new 0, updated 3, skipped 40
262 Murphy Road Geebung
new 0, updated 3, skipped 40
page 1 for Aspley, QLD 4034: 20 results (https://www.realestate.com.au/rent/property-house-in-Aspley%2c+QLD 4034/list-1?includeSurrounding=false)
9 Jethro Street Aspley
new 0, updated 5, skipped 58
77 Pie Street Aspley
new 0, updated 5, skipped 58
1217 Gympie Road Aspley
new 0, updated 5, skipped 58
22A Winderest Ave Aspley
new 0, updated 5, skipped 58
45 Wilmah Street Aspley
new 0, updated 5, skipped 58
28 Ronnex Pl Aspley
new 0, updated 5, skipped 58
6 Pimlico Lane Aspley
new 0, updated 5, skipped 58
29 Wilmah Street Aspley
new 0, updated 5, skipped 58
164 Kirby Road Aspley
new 0, updated 5, skipped 58
16 Montclair Street Aspley
new 0, updated 5, skipped 58
41 Hutton Road Aspley
new 0, updated 5, skipped 58
11 Leeside Street Aspley
new 0, updated 5, skipped 58
10 Jethro Street Aspley
new 0, updated 5, skipped 58
13 Croker Street Aspley
new 0, updated 5, skipped 58
59 Kildonan Street Aspley
new 0, updated 5, skipped 58
3 Bundella Street Aspley
new 0, updated 5, skipped 58
36 Petrie Crescent Aspley
new 0, updated 5, skipped 58
10 Leeside Street Aspley
new 0, updated 5, skipped 58
page 1 for Zillmere, QLD 4034: 14 results (https://www.realestate.com.au/rent/property-house-in-Zillmere%2c+QLD 4034/list-1?includeSurrounding=false)
12 Jabiru Place Zillmere
new 0, updated 5, skipped 72
18 Obiri Place Zillmere
new 0, updated 5, skipped 72
22 Charlie Street Zillmere
new 0, updated 5, skipped 72
5 Collard Street Zillmere
new 0, updated 5, skipped 72
293 Zillmere Rd Zillmere
new 0, updated 5, skipped 72
26 Birdwood Street Zillmere
new 0, updated 5, skipped 72
22 Horwitz Street Zillmere
new 0, updated 5, skipped 72
28 McGhie Street Zillmere
new 0, updated 5, skipped 72
28 Carrie Street Zillmere
new 0, updated 5, skipped 72
22 Halcomb Street Zillmere
new 0, updated 5, skipped 72
282 Beams Road Zillmere
new 0, updated 5, skipped 72
62 Gillies Street Zillmere
new 0, updated 5, skipped 72
41 Carrie Street Zillmere
new 0, updated 5, skipped 72
61 Gillies St Zillmere
new 0, updated 5, skipped 72
page 1 for Banyo, QLD 4014: 20 results (https://www.realestate.com.au/rent/property-house-in-Banyo%2c+QLD 4014/list-1?includeSurrounding=false)
70 Elliott Road Banyo
new 0, updated 5, skipped 90
12 Gaynor Road Banyo
new 0, updated 5, skipped 90
79 Langton Street Banyo
new 0, updated 5, skipped 90
8 Folgate Street Banyo
new 0, updated 5, skipped 90
17 Gaynor Road Banyo
new 0, updated 5, skipped 90
6 Keswick Street Banyo
new 0, updated 5, skipped 90
66 Victor Street Banyo
new 0, updated 5, skipped 90
9 Melville Place Banyo
new 0, updated 5, skipped 90
18 Blinzinger Road Banyo
new 0, updated 5, skipped 90
87 Macoma Street Banyo
new 0, updated 5, skipped 90
11 Mellifont Street Banyo
new 0, updated 5, skipped 90
85A Royal Parade Banyo
new 0, updated 5, skipped 90
23 Billara Place Banyo
new 0, updated 5, skipped 90
19 Park Street Banyo
new 0, updated 5, skipped 90
29 Ellamark Street Banyo
new 0, updated 5, skipped 90
28 Churchill Circuit Banyo
new 0, updated 5, skipped 90
252 St Vincents Road Banyo
new 0, updated 5, skipped 90
254 St Vincents Road Banyo
new 0, updated 5, skipped 90
page 2 for Underwood, QLD 4119: 0 results (https://www.realestate.com.au/rent/property-house-in-Underwood%2c+QLD 4119/list-2?includeSurrounding=false)
page 2 for Geebung, QLD 4034: 0 results (https://www.realestate.com.au/rent/property-house-in-Geebung%2c+QLD 4034/list-2?includeSurrounding=false)
page 2 for Darra, QLD 4076: 0 results (https://www.realestate.com.au/rent/property-house-in-Darra%2c+QLD 4076/list-2?includeSurrounding=false)
page 2 for Zillmere, QLD 4034: 0 results (https://www.realestate.com.au/rent/property-house-in-Zillmere%2c+QLD 4034/list-2?includeSurrounding=false)
8 Caloma Street Underwood
new 0, updated 5, skipped 90
Geebung, address available on request Geebung
new 0, updated 5, skipped 90
Geebung, address available on request Geebung
new 0, updated 5, skipped 90
page 2 for Aspley, QLD 4034: 9 results (https://www.realestate.com.au/rent/property-house-in-Aspley%2c+QLD 4034/list-2?includeSurrounding=false)
3 Clorane Street Aspley
new 0, updated 5, skipped 95
21 Ledbury street Aspley
new 0, updated 5, skipped 95
65 Pie Street Aspley
new 0, updated 5, skipped 95
14 Chailey Street Aspley
new 0, updated 5, skipped 95
28 Augusta Street Aspley
new 0, updated 5, skipped 95
page 2 for Banyo, QLD 4014: 2 results (https://www.realestate.com.au/rent/property-house-in-Banyo%2c+QLD 4014/list-2?includeSurrounding=false)
2 Keswick Street Banyo
new 0, updated 5, skipped 96
44 Kirby Road Aspley
new 0, updated 5, skipped 96
Aspley, address available on request Aspley
new 0, updated 5, skipped 96
page 3 for Aspley, QLD 4034: 0 results (https://www.realestate.com.au/rent/property-house-in-Aspley%2c+QLD 4034/list-3?includeSurrounding=false)
page 3 for Banyo, QLD 4014: 0 results (https://www.realestate.com.au/rent/property-house-in-Banyo%2c+QLD 4014/list-3?includeSurrounding=false)
